2026-04-02 10:28:24,539 - INFO - Configuration: {'device': 'cuda', 'data_path': '../data/user_item_interact.h5', 'ckpt': 'sasrec.pt', 'max_len': 20, 'd': 16, 'num_blocks': 2, 'num_heads': 1, 'dropout': 0.2, 'lr': 0.0001, 'batch_size': 128, 'eval_batch_size': 128, 'epochs': 100, 'mlp_layer': 64, 'layernorm_eps': 1e-08, 'num_neg_samples': 10, 'num_workers': 2, 'adam_betas': (0.9, 0.98), 'loss_eps': 1e-24, 'topk_list': [2, 5, 10], 'top_k': 10, 'min_seq_len': 3, 'log_path': './logs/sasrec.log', 'loss_plot_path': './loss_picture/sasrec.png', 'early_stop': 10}
2026-04-02 10:29:17,540 - INFO - Epoch 1 | Loss: 16.0681 | Hits: {2: 0.0011737212202508828, 5: 0.01189440700879243, 10: 0.026241052995609027} | NDCGs: {2: 0.0008101547513253305, 5: 0.005479448396163775, 10: 0.010057428210344502}
2026-04-02 10:29:17,552 - INFO - Best model saved (NDCG@10=0.0101) to sasrec.pt
2026-04-02 10:30:52,338 - INFO - Epoch 2 | Loss: 11.4319 | Hits: {2: 0.0010060467602150424, 5: 0.009924232103371304, 10: 0.03614432579147585} | NDCGs: {2: 0.0006927607603962154, 5: 0.004373778876247383, 10: 0.01268026003185925}
2026-04-02 10:30:52,376 - INFO - Best model saved (NDCG@10=0.0127) to sasrec.pt
2026-04-02 10:31:53,669 - INFO - Epoch 3 | Loss: 8.5208 | Hits: {2: 0.0009431688377016023, 5: 0.008362763694287541, 10: 0.04366871718558419} | NDCGs: {2: 0.0006530892082397255, 5: 0.0037036375111736282, 10: 0.015196620047212527}
2026-04-02 10:31:53,675 - INFO - Best model saved (NDCG@10=0.0152) to sasrec.pt
2026-04-02 10:32:57,188 - INFO - Epoch 4 | Loss: 6.5833 | Hits: {2: 0.0007021368014000817, 5: 0.004862559341039372, 10: 0.049820273938149084} | NDCGs: {2: 0.0005010149249731806, 5: 0.0023691030262298616, 10: 0.017295985844099228}
2026-04-02 10:32:57,194 - INFO - Best model saved (NDCG@10=0.0173) to sasrec.pt
2026-04-02 10:33:51,581 - INFO - Epoch 5 | Loss: 5.3925 | Hits: {2: 0.000398226842585121, 5: 0.0049673558785617725, 10: 0.07800006287792251} | NDCGs: {2: 0.00031313681794297045, 5: 0.0023875239610339155, 10: 0.02624322320660224}
2026-04-02 10:33:51,586 - INFO - Best model saved (NDCG@10=0.0262) to sasrec.pt
2026-04-02 10:34:43,024 - INFO - Epoch 6 | Loss: 4.6054 | Hits: {2: 0.00023055238254928058, 5: 0.0050931117235886525, 10: 0.09657000932689185} | NDCGs: {2: 0.00019574282701385534, 5: 0.002411642891288365, 10: 0.03268447121855341}
2026-04-02 10:34:43,030 - INFO - Best model saved (NDCG@10=0.0327) to sasrec.pt
2026-04-02 10:35:35,324 - INFO - Epoch 7 | Loss: 3.9508 | Hits: {2: 0.00023055238254928058, 5: 0.0058162078324932144, 10: 0.10146400762918793} | NDCGs: {2: 0.00019187509862103033, 5: 0.0026948550462842936, 10: 0.03471657085125655}
2026-04-02 10:35:35,329 - INFO - Best model saved (NDCG@10=0.0347) to sasrec.pt
2026-04-02 10:40:46,052 - INFO - Configuration: {'device': 'cuda', 'data_path': '../data/user_item_interact.h5', 'ckpt': 'sasrec.pt', 'max_len': 20, 'd': 16, 'num_blocks': 2, 'num_heads': 1, 'dropout': 0.2, 'lr': 0.0001, 'batch_size': 128, 'eval_batch_size': 128, 'epochs': 100, 'mlp_layer': 64, 'layernorm_eps': 1e-08, 'num_neg_samples': 10, 'num_workers': 2, 'adam_betas': (0.9, 0.98), 'loss_eps': 1e-24, 'topk_list': [2, 5, 10], 'min_seq_len': 3, 'log_path': './logs/sasrec.log', 'loss_plot_path': './loss_picture/sasrec.png', 'early_stop': 10}
2026-04-02 10:41:41,491 - INFO - Epoch 1 | Loss: 15.7378 | Hits: {2: 0.0019177766366599248, 5: 0.00863523469184578, 10: 0.02365257851880574} | NDCGs: {2: 0.0015735488096984976, 5: 0.004577921942948275, 10: 0.009332929787277025}
2026-04-02 10:41:41,496 - INFO - Best model saved (NDCG@10=0.0093) to sasrec.pt
2026-04-02 10:42:30,273 - INFO - Epoch 2 | Loss: 10.8179 | Hits: {2: 0.0008278926464269621, 5: 0.00400322773335569, 10: 0.02755100971463903} | NDCGs: {2: 0.0006847866958924361, 5: 0.0020486656665631626, 10: 0.00933307250210407}
2026-04-02 10:42:30,278 - INFO - Best model saved (NDCG@10=0.0093) to sasrec.pt
2026-04-02 10:43:18,046 - INFO - Epoch 3 | Loss: 8.0438 | Hits: {2: 0.0008383723001792021, 5: 0.0027247099755824066, 10: 0.021441371577083094} | NDCGs: {2: 0.0007610177323227016, 5: 0.001572125932419461, 10: 0.00737906350670287}
2026-04-02 10:44:06,326 - INFO - Epoch 4 | Loss: 6.2318 | Hits: {2: 0.000817412992674722, 5: 0.0025989541305555266, 10: 0.024993974199092463} | NDCGs: {2: 0.0007942066223177719, 5: 0.0015282831701191007, 10: 0.008553111466492869}
2026-04-02 10:44:54,361 - INFO - Epoch 5 | Loss: 5.1002 | Hits: {2: 0.0008593316076836821, 5: 0.004778722111021452, 10: 0.03684646259287593} | NDCGs: {2: 0.0008206543237554317, 5: 0.0024480138455258826, 10: 0.012700517871716784}
2026-04-02 10:44:54,366 - INFO - Best model saved (NDCG@10=0.0127) to sasrec.pt
2026-04-02 10:45:44,379 - INFO - Epoch 6 | Loss: 4.3266 | Hits: {2: 0.0008698112614359221, 5: 0.0050931117235886525, 10: 0.05430556574410782} | NDCGs: {2: 0.0008311339775076718, 5: 0.0025741496909207004, 10: 0.018536009734519406}
2026-04-02 10:45:44,384 - INFO - Best model saved (NDCG@10=0.0185) to sasrec.pt
2026-04-02 10:46:32,297 - INFO - Epoch 7 | Loss: 3.7074 | Hits: {2: 0.0008907705689404022, 5: 0.009966150718380265, 10: 0.06999360741121113} | NDCGs: {2: 0.0008443578282265019, 5: 0.004510298329546011, 10: 0.02392921315560849}
2026-04-02 10:46:32,302 - INFO - Best model saved (NDCG@10=0.0239) to sasrec.pt
2026-04-02 10:47:20,174 - INFO - Epoch 8 | Loss: 3.2348 | Hits: {2: 0.003531643314504889, 5: 0.028724730934889912, 10: 0.1361726208566069} | NDCGs: {2: 0.002510563018799081, 5: 0.012708745544129988, 10: 0.04620110910759519}
2026-04-02 10:47:20,181 - INFO - Best model saved (NDCG@10=0.0462) to sasrec.pt
2026-04-02 10:48:07,166 - INFO - Epoch 9 | Loss: 2.8759 | Hits: {2: 0.013560671955398593, 5: 0.05700931641218574, 10: 0.17596386615386228} | NDCGs: {2: 0.008845911044544887, 5: 0.028025788019684226, 10: 0.06669996334632082}
2026-04-02 10:48:07,172 - INFO - Best model saved (NDCG@10=0.0667) to sasrec.pt
2026-04-02 10:48:54,626 - INFO - Epoch 10 | Loss: 2.6467 | Hits: {2: 0.0467078167737338, 5: 0.14495457070098403, 10: 0.21226538675162174} | NDCGs: {2: 0.032644756337422004, 5: 0.0767007588733119, 10: 0.0975166719288349}
2026-04-02 10:48:54,631 - INFO - Best model saved (NDCG@10=0.0975) to sasrec.pt
2026-04-02 10:49:42,120 - INFO - Epoch 11 | Loss: 2.4848 | Hits: {2: 0.09116250799073598, 5: 0.16213072320090544, 10: 0.2410110769940161} | NDCGs: {2: 0.07129398723679384, 5: 0.10327142399983659, 10: 0.1292886730427118}
2026-04-02 10:49:42,124 - INFO - Best model saved (NDCG@10=0.1293) to sasrec.pt
2026-04-02 10:50:29,424 - INFO - Epoch 12 | Loss: 2.3839 | Hits: {2: 0.09305932531989143, 5: 0.18838225585026672, 10: 0.2744097335024051} | NDCGs: {2: 0.07397595342969275, 5: 0.11669076125018137, 10: 0.14453743466196428}
2026-04-02 10:50:29,430 - INFO - Best model saved (NDCG@10=0.1445) to sasrec.pt
2026-04-02 10:51:16,747 - INFO - Epoch 13 | Loss: 2.3280 | Hits: {2: 0.09930519895622648, 5: 0.1881726627752219, 10: 0.2864298963562244} | NDCGs: {2: 0.07696519975926915, 5: 0.11637221847323435, 10: 0.148204131088136}
2026-04-02 10:51:16,751 - INFO - Best model saved (NDCG@10=0.1482) to sasrec.pt
2026-04-02 10:52:04,166 - INFO - Epoch 14 | Loss: 2.2959 | Hits: {2: 0.0990746465736772, 5: 0.19066682036825502, 10: 0.2884524695304067} | NDCGs: {2: 0.07642136137690103, 5: 0.11697637210402612, 10: 0.14859094212307197}
2026-04-02 10:52:04,170 - INFO - Best model saved (NDCG@10=0.1486) to sasrec.pt
2026-04-02 10:52:51,795 - INFO - Epoch 15 | Loss: 2.2801 | Hits: {2: 0.09931567860997872, 5: 0.19097073032707, 10: 0.2877922513440156} | NDCGs: {2: 0.08085501099102488, 5: 0.12163178120897676, 10: 0.1529286248492225}
2026-04-02 10:52:51,799 - INFO - Best model saved (NDCG@10=0.1529) to sasrec.pt
2026-04-02 10:53:39,637 - INFO - Epoch 16 | Loss: 2.2665 | Hits: {2: 0.09946239376251009, 5: 0.19059346279198935, 10: 0.2885887050291858} | NDCGs: {2: 0.07920323244089261, 5: 0.1196275281834973, 10: 0.15125860560876925}
2026-04-02 10:54:26,852 - INFO - Epoch 17 | Loss: 2.2584 | Hits: {2: 0.09911656518868617, 5: 0.19061442209949384, 10: 0.28815903922534397} | NDCGs: {2: 0.07942595994081396, 5: 0.12023767526520673, 10: 0.1517931229019581}
2026-04-02 10:55:14,258 - INFO - Epoch 18 | Loss: 2.2598 | Hits: {2: 0.09996541714261761, 5: 0.19046770694696247, 10: 0.28782369030527233} | NDCGs: {2: 0.07980681675921358, 5: 0.1201301231372366, 10: 0.15166141951438053}
2026-04-02 10:56:01,767 - INFO - Epoch 19 | Loss: 2.2549 | Hits: {2: 0.09935759722498769, 5: 0.19097073032707, 10: 0.28782369030527233} | NDCGs: {2: 0.07650705788017743, 5: 0.11713835766434302, 10: 0.148440152409613}
2026-04-02 10:56:48,896 - INFO - Epoch 20 | Loss: 2.2546 | Hits: {2: 0.09903272795866824, 5: 0.1912851199396372, 10: 0.28804376303406937} | NDCGs: {2: 0.07886252439008573, 5: 0.11990564500910482, 10: 0.15125983251062422}
2026-04-02 10:57:36,430 - INFO - Epoch 21 | Loss: 2.2542 | Hits: {2: 0.09859258250107417, 5: 0.19127464028588495, 10: 0.28816951887909625} | NDCGs: {2: 0.07922299870980642, 5: 0.12060900282450215, 10: 0.15203106806000244}
2026-04-02 10:58:23,832 - INFO - Epoch 22 | Loss: 2.2527 | Hits: {2: 0.09996541714261761, 5: 0.19298282384750007, 10: 0.29065319681837715} | NDCGs: {2: 0.07914543520404049, 5: 0.12046683039471617, 10: 0.15199827207635103}
2026-04-02 10:59:11,585 - INFO - Epoch 23 | Loss: 2.2479 | Hits: {2: 0.09974534441382056, 5: 0.19300378315500455, 10: 0.2877293734215022} | NDCGs: {2: 0.07960221494398785, 5: 0.12116196593852423, 10: 0.1519444423059851}
2026-04-02 10:59:58,744 - INFO - Epoch 24 | Loss: 2.2502 | Hits: {2: 0.09992349852760865, 5: 0.19082401517453865, 10: 0.2916487639248399} | NDCGs: {2: 0.08033345421794989, 5: 0.12084642163463379, 10: 0.15353396349472528}
2026-04-02 10:59:58,749 - INFO - Best model saved (NDCG@10=0.1535) to sasrec.pt
2026-04-02 11:00:46,271 - INFO - Epoch 25 | Loss: 2.2497 | Hits: {2: 0.09990253922010417, 5: 0.19177766366599247, 10: 0.2885887050291858} | NDCGs: {2: 0.07992572207116293, 5: 0.12089863931079538, 10: 0.15233533000666233}
2026-04-02 11:01:33,874 - INFO - Epoch 26 | Loss: 2.2475 | Hits: {2: 0.0993366379174832, 5: 0.1933810506900852, 10: 0.2921203483436907} | NDCGs: {2: 0.0780370576581958, 5: 0.11991236507209822, 10: 0.15185381699206021}
2026-04-02 11:02:21,345 - INFO - Epoch 27 | Loss: 2.2509 | Hits: {2: 0.09862402146233089, 5: 0.19286754765622544, 10: 0.2922461041887176} | NDCGs: {2: 0.07834938922714212, 5: 0.12035860376815198, 10: 0.15268037891293318}
2026-04-02 11:03:08,763 - INFO - Epoch 28 | Loss: 2.2470 | Hits: {2: 0.09995493748886537, 5: 0.19210253293231191, 10: 0.29409052324911183} | NDCGs: {2: 0.0796222893277842, 5: 0.1208266494558242, 10: 0.15385057578978673}
2026-04-02 11:03:08,767 - INFO - Best model saved (NDCG@10=0.1539) to sasrec.pt
2026-04-02 11:03:56,486 - INFO - Epoch 29 | Loss: 2.2486 | Hits: {2: 0.10000733575762656, 5: 0.19368496064890017, 10: 0.294928895549291} | NDCGs: {2: 0.07917188290547815, 5: 0.12099350844752693, 10: 0.15380816933076627}
2026-04-02 11:04:43,713 - INFO - Epoch 30 | Loss: 2.2468 | Hits: {2: 0.10017501021766241, 5: 0.19498443771417792, 10: 0.29337790679395953} | NDCGs: {2: 0.07917324504462252, 5: 0.1213758469096906, 10: 0.1533121774775686}
2026-04-02 11:05:31,568 - INFO - Epoch 31 | Loss: 2.2518 | Hits: {2: 0.10029028640893704, 5: 0.1904257883319535, 10: 0.2972134600672794} | NDCGs: {2: 0.080530062049994, 5: 0.12084988377410266, 10: 0.1554192008181208}
2026-04-02 11:05:31,573 - INFO - Best model saved (NDCG@10=0.1554) to sasrec.pt
2026-04-02 11:06:19,140 - INFO - Epoch 32 | Loss: 2.2464 | Hits: {2: 0.10030076606268928, 5: 0.1907611372520252, 10: 0.2948136193580164} | NDCGs: {2: 0.08040517120999736, 5: 0.12081046300878236, 10: 0.15468557838593722}
2026-04-02 11:07:06,564 - INFO - Epoch 33 | Loss: 2.2446 | Hits: {2: 0.10036364398520273, 5: 0.1915785502446999, 10: 0.2969514687234734} | NDCGs: {2: 0.08041390093501123, 5: 0.12114349136664063, 10: 0.15538892565933957}
2026-04-02 11:07:53,957 - INFO - Epoch 34 | Loss: 2.2446 | Hits: {2: 0.10005973402638776, 5: 0.1911803234021148, 10: 0.2952013665468493} | NDCGs: {2: 0.08091834621029673, 5: 0.12164720873126254, 10: 0.1555531132694804}
2026-04-02 11:07:53,962 - INFO - Best model saved (NDCG@10=0.1556) to sasrec.pt
2026-04-02 11:08:41,560 - INFO - Epoch 35 | Loss: 2.2479 | Hits: {2: 0.10177839724175514, 5: 0.1935696844576255, 10: 0.29471930247424627} | NDCGs: {2: 0.07887370969944534, 5: 0.11971079157411232, 10: 0.15269158770294539}
2026-04-02 11:09:29,310 - INFO - Epoch 36 | Loss: 2.2461 | Hits: {2: 0.10180983620301186, 5: 0.19075065759827295, 10: 0.2972658583360406} | NDCGs: {2: 0.08213856959710376, 5: 0.12185978882698058, 10: 0.15659628545570406}
2026-04-02 11:09:29,315 - INFO - Best model saved (NDCG@10=0.1566) to sasrec.pt
2026-04-02 11:10:16,774 - INFO - Epoch 37 | Loss: 2.2498 | Hits: {2: 0.1046498223698689, 5: 0.1907611372520252, 10: 0.2979784747911929} | NDCGs: {2: 0.08163683843256, 5: 0.11983989363975837, 10: 0.15476109952180347}
2026-04-02 11:11:04,280 - INFO - Epoch 38 | Loss: 2.2440 | Hits: {2: 0.1056977877450929, 5: 0.19138991647715958, 10: 0.2974335327960764} | NDCGs: {2: 0.08531099138651219, 5: 0.12321760281546607, 10: 0.15782802460743448}
2026-04-02 11:11:04,284 - INFO - Best model saved (NDCG@10=0.1578) to sasrec.pt
2026-04-02 11:11:52,443 - INFO - Epoch 39 | Loss: 2.2429 | Hits: {2: 0.10558251155381826, 5: 0.1904257883319535, 10: 0.2997076176603125} | NDCGs: {2: 0.08559409121969853, 5: 0.123249944513492, 10: 0.15884652161039062}
2026-04-02 11:11:52,447 - INFO - Best model saved (NDCG@10=0.1588) to sasrec.pt
2026-04-02 11:12:39,993 - INFO - Epoch 40 | Loss: 2.2449 | Hits: {2: 0.10602265701141235, 5: 0.1905305848694759, 10: 0.2989845215514079} | NDCGs: {2: 0.08303287944446039, 5: 0.12053345145693609, 10: 0.15593091974168993}
2026-04-02 11:13:27,576 - INFO - Epoch 41 | Loss: 2.2413 | Hits: {2: 0.10617985181769594, 5: 0.19080305586703417, 10: 0.3002316003479245} | NDCGs: {2: 0.08646217247107398, 5: 0.12397727141234925, 10: 0.1596581860150737}
2026-04-02 11:13:27,579 - INFO - Best model saved (NDCG@10=0.1597) to sasrec.pt
2026-04-02 11:14:15,232 - INFO - Epoch 42 | Loss: 2.2354 | Hits: {2: 0.1065885583140333, 5: 0.19137943682340736, 10: 0.30051455099923496} | NDCGs: {2: 0.08520775575849657, 5: 0.12277856715641496, 10: 0.15838095889307638}
2026-04-02 11:15:03,390 - INFO - Epoch 43 | Loss: 2.2437 | Hits: {2: 0.10654663969902435, 5: 0.19090785240455654, 10: 0.2999696090041185} | NDCGs: {2: 0.08709196588311448, 5: 0.1244141084141728, 10: 0.1599987845519152}
2026-04-02 11:15:03,394 - INFO - Best model saved (NDCG@10=0.1600) to sasrec.pt
2026-04-02 11:15:53,267 - INFO - Epoch 44 | Loss: 2.2404 | Hits: {2: 0.1066933548515557, 5: 0.1926474749274284, 10: 0.3032287813210652} | NDCGs: {2: 0.08516944634548443, 5: 0.12343448380523933, 10: 0.15932807685188372}
2026-04-02 11:16:42,164 - INFO - Epoch 45 | Loss: 2.2452 | Hits: {2: 0.10607505528017354, 5: 0.19852656068243504, 10: 0.303878519853704} | NDCGs: {2: 0.08531695699588163, 5: 0.1265270280448807, 10: 0.16050015267641835}
2026-04-02 11:16:42,169 - INFO - Best model saved (NDCG@10=0.1605) to sasrec.pt
2026-04-02 11:17:30,150 - INFO - Epoch 46 | Loss: 2.2400 | Hits: {2: 0.10730117476918563, 5: 0.19378975718642255, 10: 0.3036270081636503} | NDCGs: {2: 0.08826808334809369, 5: 0.12698292289803254, 10: 0.16271231991291138}
2026-04-02 11:17:30,156 - INFO - Best model saved (NDCG@10=0.1627) to sasrec.pt
2026-04-02 11:18:18,245 - INFO - Epoch 47 | Loss: 2.2417 | Hits: {2: 0.10728021546168115, 5: 0.19361160307263447, 10: 0.30393091812246525} | NDCGs: {2: 0.08654145581935337, 5: 0.12495400493186258, 10: 0.16088776820718742}
2026-04-02 11:19:06,433 - INFO - Epoch 48 | Loss: 2.2389 | Hits: {2: 0.10400008383723001, 5: 0.20193244815191305, 10: 0.3034907726648712} | NDCGs: {2: 0.08371384841686277, 5: 0.12736032870653144, 10: 0.16002615654071978}
2026-04-02 11:19:53,889 - INFO - Epoch 49 | Loss: 2.2403 | Hits: {2: 0.10759460507424835, 5: 0.2023097156869937, 10: 0.3043396246188026} | NDCGs: {2: 0.08712271869102547, 5: 0.128892400801977, 10: 0.16185078603968073}
2026-04-02 11:20:43,634 - INFO - Epoch 50 | Loss: 2.2348 | Hits: {2: 0.10780419814929315, 5: 0.20188004988315186, 10: 0.3058591744128774} | NDCGs: {2: 0.08911146682676982, 5: 0.1307156338649216, 10: 0.16428481200891562}
2026-04-02 11:20:43,638 - INFO - Best model saved (NDCG@10=0.1643) to sasrec.pt
2026-04-02 11:21:32,466 - INFO - Epoch 51 | Loss: 2.2354 | Hits: {2: 0.1076889219580185, 5: 0.20062249143288305, 10: 0.30477977007639667} | NDCGs: {2: 0.08822264495693014, 5: 0.12949652846152135, 10: 0.1631582123643477}
2026-04-02 11:22:21,897 - INFO - Epoch 52 | Loss: 2.2404 | Hits: {2: 0.10779371849554091, 5: 0.2031480879871729, 10: 0.30700145667187156} | NDCGs: {2: 0.08817273235873954, 5: 0.1302013441123555, 10: 0.1636148139361091}
2026-04-02 11:23:10,402 - INFO - Epoch 53 | Loss: 2.2370 | Hits: {2: 0.10819194533812602, 5: 0.20244595118577283, 10: 0.305230395187743} | NDCGs: {2: 0.08834276322614801, 5: 0.13021310071247075, 10: 0.1633686937706979}
2026-04-02 11:23:58,694 - INFO - Epoch 54 | Loss: 2.2354 | Hits: {2: 0.10861113148821563, 5: 0.2029384949121281, 10: 0.3074206428219612} | NDCGs: {2: 0.08973274920283668, 5: 0.13144536133058948, 10: 0.16510863988323343}
2026-04-02 11:23:58,697 - INFO - Best model saved (NDCG@10=0.1651) to sasrec.pt
2026-04-02 11:24:47,856 - INFO - Epoch 55 | Loss: 2.2300 | Hits: {2: 0.10824434360688723, 5: 0.20324240487094306, 10: 0.30736824455319994} | NDCGs: {2: 0.08836421966776661, 5: 0.13040057179396664, 10: 0.1639304322327496}
2026-04-02 11:25:39,406 - INFO - Epoch 56 | Loss: 2.2354 | Hits: {2: 0.11021451851230836, 5: 0.20426941093866258, 10: 0.307546398666988} | NDCGs: {2: 0.08964207119087204, 5: 0.13091118052438522, 10: 0.16419532987872615}
2026-04-02 11:26:27,953 - INFO - Epoch 57 | Loss: 2.2346 | Hits: {2: 0.10931326828961571, 5: 0.20366159102103268, 10: 0.30699097701811934} | NDCGs: {2: 0.09017961593031029, 5: 0.13208922120994898, 10: 0.16544421388501016}
2026-04-02 11:26:27,958 - INFO - Best model saved (NDCG@10=0.1654) to sasrec.pt
2026-04-02 11:27:14,540 - INFO - Epoch 58 | Loss: 2.2325 | Hits: {2: 0.11030883539607851, 5: 0.2044580447062029, 10: 0.30776647139578506} | NDCGs: {2: 0.09077293928391933, 5: 0.13230752488401093, 10: 0.1655768665698011}
2026-04-02 11:27:14,548 - INFO - Best model saved (NDCG@10=0.1656) to sasrec.pt
2026-04-02 11:28:06,094 - INFO - Epoch 59 | Loss: 2.2314 | Hits: {2: 0.11044507089485764, 5: 0.20418557370864468, 10: 0.30914978569108076} | NDCGs: {2: 0.09114123848626793, 5: 0.1326521979466284, 10: 0.1663718208189115}
2026-04-02 11:28:06,097 - INFO - Best model saved (NDCG@10=0.1664) to sasrec.pt
2026-04-02 11:28:54,201 - INFO - Epoch 60 | Loss: 2.2315 | Hits: {2: 0.11150351592383388, 5: 0.20575752177148068, 10: 0.30909738742231957} | NDCGs: {2: 0.09211846121899485, 5: 0.13347762388922196, 10: 0.16670411807492685}
2026-04-02 11:28:54,205 - INFO - Best model saved (NDCG@10=0.1667) to sasrec.pt
2026-04-02 11:29:42,707 - INFO - Epoch 61 | Loss: 2.2312 | Hits: {2: 0.11078041981492931, 5: 0.20604047242279114, 10: 0.3085838843884598} | NDCGs: {2: 0.09140696829526877, 5: 0.13335685772390388, 10: 0.16634681346723657}
2026-04-02 11:30:30,885 - INFO - Epoch 62 | Loss: 2.2297 | Hits: {2: 0.11179694622889659, 5: 0.20614526896031354, 10: 0.3092545822286032} | NDCGs: {2: 0.09201738322798943, 5: 0.13376671304944812, 10: 0.16699896485384907}
2026-04-02 11:30:30,889 - INFO - Best model saved (NDCG@10=0.1670) to sasrec.pt
2026-04-02 11:31:19,502 - INFO - Epoch 63 | Loss: 2.2270 | Hits: {2: 0.11182838519015331, 5: 0.20684740576171362, 10: 0.31063789652389884} | NDCGs: {2: 0.09290359016406045, 5: 0.13492113950052312, 10: 0.1683322490563369}
2026-04-02 11:31:19,507 - INFO - Best model saved (NDCG@10=0.1683) to sasrec.pt
2026-04-02 11:32:09,227 - INFO - Epoch 64 | Loss: 2.2235 | Hits: {2: 0.11097953323622188, 5: 0.20696268195298828, 10: 0.3102396696813137} | NDCGs: {2: 0.09103752564281606, 5: 0.13334227435862495, 10: 0.16658212714207327}
2026-04-02 11:32:57,651 - INFO - Epoch 65 | Loss: 2.2277 | Hits: {2: 0.11140919904006372, 5: 0.20696268195298828, 10: 0.31191641428167216} | NDCGs: {2: 0.09179594836004802, 5: 0.1338673596061632, 10: 0.16758710683037575}
2026-04-02 11:33:46,752 - INFO - Epoch 66 | Loss: 2.2273 | Hits: {2: 0.11288683021912956, 5: 0.20773817633065403, 10: 0.31182209739790195} | NDCGs: {2: 0.09405486067446452, 5: 0.13575588919936285, 10: 0.16914317277279967}
2026-04-02 11:33:46,756 - INFO - Best model saved (NDCG@10=0.1691) to sasrec.pt
2026-04-02 11:34:37,143 - INFO - Epoch 67 | Loss: 2.2245 | Hits: {2: 0.11354704840552068, 5: 0.20885949928214373, 10: 0.3123146411242573} | NDCGs: {2: 0.09507864532978119, 5: 0.13725933562332535, 10: 0.17052986937508044}
2026-04-02 11:34:37,147 - INFO - Best model saved (NDCG@10=0.1705) to sasrec.pt
2026-04-02 11:35:26,284 - INFO - Epoch 68 | Loss: 2.2212 | Hits: {2: 0.11303354537166092, 5: 0.20718275468178532, 10: 0.31091036752145707} | NDCGs: {2: 0.09330039511146765, 5: 0.13511537061493073, 10: 0.16854220321607302}
2026-04-02 11:36:14,505 - INFO - Epoch 69 | Loss: 2.2205 | Hits: {2: 0.11444829862821332, 5: 0.2085451096695765, 10: 0.31170682120662735} | NDCGs: {2: 0.09440573009659406, 5: 0.13611735407987807, 10: 0.16932773616795357}
2026-04-02 11:37:04,578 - INFO - Epoch 70 | Loss: 2.2207 | Hits: {2: 0.11385095836433565, 5: 0.21091351141758277, 10: 0.3121679259717259} | NDCGs: {2: 0.09410620491896389, 5: 0.13686929747710683, 10: 0.16937034119789005}
2026-04-02 11:37:53,269 - INFO - Epoch 71 | Loss: 2.2182 | Hits: {2: 0.11506659819959549, 5: 0.21014849669366925, 10: 0.3123146411242573} | NDCGs: {2: 0.09616500954385959, 5: 0.13848789520995994, 10: 0.17138512528686659}
2026-04-02 11:37:53,273 - INFO - Best model saved (NDCG@10=0.1714) to sasrec.pt
2026-04-02 11:38:43,143 - INFO - Epoch 72 | Loss: 2.2151 | Hits: {2: 0.11454261551198348, 5: 0.2116051685652306, 10: 0.31331020823072003} | NDCGs: {2: 0.09520784127625119, 5: 0.13804628437869526, 10: 0.1706647990489913}
2026-04-02 11:39:37,473 - INFO - Epoch 73 | Loss: 2.2107 | Hits: {2: 0.11498276096957756, 5: 0.20986554604235877, 10: 0.3130272575794096} | NDCGs: {2: 0.0950794306601, 5: 0.13712710305772632, 10: 0.1703658302860634}
2026-04-02 11:40:28,286 - INFO - Epoch 74 | Loss: 2.2082 | Hits: {2: 0.1152552319671358, 5: 0.21210819194533811, 10: 0.31378179264957085} | NDCGs: {2: 0.09589725136104657, 5: 0.13898684362766237, 10: 0.17166352646689034}
2026-04-02 11:40:28,290 - INFO - Best model saved (NDCG@10=0.1717) to sasrec.pt
2026-04-02 11:41:18,502 - INFO - Epoch 75 | Loss: 2.2068 | Hits: {2: 0.11629271768860756, 5: 0.21062008111252004, 10: 0.3140752229546336} | NDCGs: {2: 0.09538764572538833, 5: 0.1372515886000868, 10: 0.17049545365065585}
2026-04-02 11:42:07,696 - INFO - Epoch 76 | Loss: 2.2092 | Hits: {2: 0.11687957829873301, 5: 0.2117833226790187, 10: 0.3145258480659799} | NDCGs: {2: 0.09749839132228681, 5: 0.1395862527991149, 10: 0.17260442208929952}
2026-04-02 11:42:07,701 - INFO - Best model saved (NDCG@10=0.1726) to sasrec.pt
2026-04-02 11:42:56,938 - INFO - Epoch 77 | Loss: 2.2051 | Hits: {2: 0.11653374972490908, 5: 0.21268457290171133, 10: 0.3150183917923352} | NDCGs: {2: 0.09760895469881627, 5: 0.1401406115324849, 10: 0.1730169336066105}
2026-04-02 11:42:56,943 - INFO - Best model saved (NDCG@10=0.1730) to sasrec.pt
2026-04-02 11:43:44,992 - INFO - Epoch 78 | Loss: 2.2009 | Hits: {2: 0.11768651163765549, 5: 0.21371157896943085, 10: 0.31406474330088135} | NDCGs: {2: 0.09776771041460662, 5: 0.14023479462214217, 10: 0.17256788933589845}
2026-04-02 11:44:33,867 - INFO - Epoch 79 | Loss: 2.1998 | Hits: {2: 0.11913270385546462, 5: 0.21438227680957422, 10: 0.3156262117099651} | NDCGs: {2: 0.09758945670742925, 5: 0.13967636873310518, 10: 0.17229601984214316}
2026-04-02 11:45:21,555 - INFO - Epoch 80 | Loss: 2.1983 | Hits: {2: 0.11911174454796014, 5: 0.21447659369334438, 10: 0.31668465673894136} | NDCGs: {2: 0.09906144055955522, 5: 0.14148610657618194, 10: 0.17434200238084643}
2026-04-02 11:45:21,559 - INFO - Best model saved (NDCG@10=0.1743) to sasrec.pt
2026-04-02 11:46:10,066 - INFO - Epoch 81 | Loss: 2.1964 | Hits: {2: 0.11865063978286157, 5: 0.21378493654569652, 10: 0.3171772004652966} | NDCGs: {2: 0.10010101441087277, 5: 0.14243907831453484, 10: 0.17576913069487937}
2026-04-02 11:46:10,069 - INFO - Best model saved (NDCG@10=0.1758) to sasrec.pt
2026-04-02 11:46:59,551 - INFO - Epoch 82 | Loss: 2.1959 | Hits: {2: 0.1206732129570439, 5: 0.21624765517747294, 10: 0.31523846452113224} | NDCGs: {2: 0.1001781202034641, 5: 0.14273444272299574, 10: 0.17456956857005526}
2026-04-02 11:47:47,852 - INFO - Epoch 83 | Loss: 2.1897 | Hits: {2: 0.12132295148968278, 5: 0.21764144912652086, 10: 0.3176907034991564} | NDCGs: {2: 0.09957084700843484, 5: 0.14224901086939712, 10: 0.17439915752793037}
2026-04-02 11:48:35,836 - INFO - Epoch 84 | Loss: 2.1909 | Hits: {2: 0.12157446317973654, 5: 0.21669828028881927, 10: 0.31855003510684005} | NDCGs: {2: 0.10081636489544465, 5: 0.1432309623446959, 10: 0.175979943954938}
2026-04-02 11:48:35,841 - INFO - Best model saved (NDCG@10=0.1760) to sasrec.pt
2026-04-02 11:49:23,959 - INFO - Epoch 85 | Loss: 2.1838 | Hits: {2: 0.1215115852572231, 5: 0.21840646385043438, 10: 0.3208869978935896} | NDCGs: {2: 0.10230444605845404, 5: 0.14551217760033772, 10: 0.17845409797579634}
2026-04-02 11:49:23,964 - INFO - Best model saved (NDCG@10=0.1785) to sasrec.pt
2026-04-02 11:50:11,789 - INFO - Epoch 86 | Loss: 2.1815 | Hits: {2: 0.1229263385137755, 5: 0.21902476342181654, 10: 0.32131666369743145} | NDCGs: {2: 0.10333629420411677, 5: 0.14603776070652702, 10: 0.17893601587243307}
2026-04-02 11:50:11,793 - INFO - Best model saved (NDCG@10=0.1789) to sasrec.pt
2026-04-02 11:50:59,329 - INFO - Epoch 87 | Loss: 2.1801 | Hits: {2: 0.12317785020382926, 5: 0.21831214696666423, 10: 0.322301751150142} | NDCGs: {2: 0.10359554135095615, 5: 0.14593856575368297, 10: 0.17947003109952378}
2026-04-02 11:50:59,335 - INFO - Best model saved (NDCG@10=0.1795) to sasrec.pt
2026-04-02 11:51:46,255 - INFO - Epoch 88 | Loss: 2.1761 | Hits: {2: 0.12428869350156671, 5: 0.22070150802217495, 10: 0.322563742493948} | NDCGs: {2: 0.10337975380995461, 5: 0.14628045188244707, 10: 0.17911068520830312}
2026-04-02 11:53:10,823 - INFO - Epoch 89 | Loss: 2.1729 | Hits: {2: 0.12450876623036375, 5: 0.2219485868186915, 10: 0.3225847018014525} | NDCGs: {2: 0.10449327179749425, 5: 0.14795783407829874, 10: 0.18037599524952153}
2026-04-02 11:53:10,829 - INFO - Best model saved (NDCG@10=0.1804) to sasrec.pt
2026-04-02 11:54:02,653 - INFO - Epoch 90 | Loss: 2.1699 | Hits: {2: 0.12364943462268006, 5: 0.22214770023998406, 10: 0.32496358320321095} | NDCGs: {2: 0.10362233700463207, 5: 0.1474897226514026, 10: 0.18056979684485044}
2026-04-02 11:54:02,657 - INFO - Best model saved (NDCG@10=0.1806) to sasrec.pt
2026-04-02 11:54:52,029 - INFO - Epoch 91 | Loss: 2.1675 | Hits: {2: 0.12422581557905327, 5: 0.22346813661276632, 10: 0.32667176676482607} | NDCGs: {2: 0.10447719440528869, 5: 0.14871620756277318, 10: 0.181892551770504}
2026-04-02 11:54:52,035 - INFO - Best model saved (NDCG@10=0.1819) to sasrec.pt
2026-04-02 11:55:38,906 - INFO - Epoch 92 | Loss: 2.1656 | Hits: {2: 0.12484411515043543, 5: 0.2236777296878111, 10: 0.3287886568227786} | NDCGs: {2: 0.10434902239685563, 5: 0.14835858579844505, 10: 0.18211872722071804}
2026-04-02 11:55:38,911 - INFO - Best model saved (NDCG@10=0.1821) to sasrec.pt
2026-04-02 11:56:25,432 - INFO - Epoch 93 | Loss: 2.1611 | Hits: {2: 0.12490699307294886, 5: 0.22337381972899614, 10: 0.3278245286775725} | NDCGs: {2: 0.1046362285661529, 5: 0.14857416127714643, 10: 0.18229085426098834}
2026-04-02 11:56:25,438 - INFO - Best model saved (NDCG@10=0.1823) to sasrec.pt
2026-04-02 11:57:12,844 - INFO - Epoch 94 | Loss: 2.1639 | Hits: {2: 0.12492795238045334, 5: 0.22414931410666192, 10: 0.32862098236274273} | NDCGs: {2: 0.10431296004669598, 5: 0.14847097344930205, 10: 0.18220248882998827}
2026-04-02 11:57:59,729 - INFO - Epoch 95 | Loss: 2.1573 | Hits: {2: 0.12510610649424142, 5: 0.22520775913563815, 10: 0.3298471018517548} | NDCGs: {2: 0.104823738802267, 5: 0.14939774903231817, 10: 0.183153115515674}
2026-04-02 11:57:59,733 - INFO - Best model saved (NDCG@10=0.1832) to sasrec.pt
2026-04-02 11:58:49,450 - INFO - Epoch 96 | Loss: 2.1544 | Hits: {2: 0.12528426060802952, 5: 0.22538591324942625, 10: 0.33288620143990444} | NDCGs: {2: 0.10499415745926943, 5: 0.14953563558827349, 10: 0.1841692632430323}
2026-04-02 11:58:49,453 - INFO - Best model saved (NDCG@10=0.1842) to sasrec.pt
2026-04-02 11:59:38,065 - INFO - Epoch 97 | Loss: 2.1495 | Hits: {2: 0.12596543810192512, 5: 0.22550118944070088, 10: 0.331995430870964} | NDCGs: {2: 0.105853250459235, 5: 0.1502614381870857, 10: 0.18465926970558125}
2026-04-02 11:59:38,069 - INFO - Best model saved (NDCG@10=0.1847) to sasrec.pt
2026-04-02 12:00:27,245 - INFO - Epoch 98 | Loss: 2.1502 | Hits: {2: 0.1256196095281012, 5: 0.2257946197457636, 10: 0.3324565356360626} | NDCGs: {2: 0.10525988726827025, 5: 0.14990164605840198, 10: 0.18436232588083787}
2026-04-02 12:01:14,916 - INFO - Epoch 99 | Loss: 2.1502 | Hits: {2: 0.1253366588767907, 5: 0.22635004139463233, 10: 0.33375601270134037} | NDCGs: {2: 0.10516645530820819, 5: 0.15026935116751433, 10: 0.18501419531187113}
2026-04-02 12:01:14,920 - INFO - Best model saved (NDCG@10=0.1850) to sasrec.pt
2026-04-02 12:02:05,737 - INFO - Epoch 100 | Loss: 2.1478 | Hits: {2: 0.1253576181842952, 5: 0.22640243966339352, 10: 0.3350030914978569} | NDCGs: {2: 0.10498242501089296, 5: 0.1500036147843237, 10: 0.18516215128038846}
2026-04-02 12:02:05,742 - INFO - Best model saved (NDCG@10=0.1852) to sasrec.pt
2026-04-02 12:02:05,742 - INFO - Training complete. Best NDCG@10=0.1852
2026-04-02 12:02:06,113 - INFO - Loss plot saved to ./loss_picture/sasrec.png
